<?xml version="1.0" encoding="UTF-8"?>
<testng-results ignored="0" total="12" passed="11" failed="1" skipped="0">
  <reporter-output>
  </reporter-output>
  <suite started-at="2025-04-11T16:16:24 IST" name="Suite" finished-at="2025-04-11T16:17:57 IST" duration-ms="92544">
    <groups>
    </groups>
    <test started-at="2025-04-11T16:16:24 IST" name="Test" finished-at="2025-04-11T16:17:57 IST" duration-ms="92544">
      <class name="TutorialsNinja_Test_Cases.Login">
        <test-method is-config="true" signature="setup()[pri:0, instance:TutorialsNinja_Test_Cases.Login@5c5eefef]" started-at="2025-04-11T16:16:59 IST" name="setup" finished-at="2025-04-11T16:17:04 IST" duration-ms="4982" status="PASS">
          <reporter-output>
          </reporter-output>
        </test-method> <!-- setup -->
        <test-method signature="verifyLoginWithValidCredentials()[pri:1, instance:TutorialsNinja_Test_Cases.Login@5c5eefef]" started-at="2025-04-11T16:17:04 IST" name="verifyLoginWithValidCredentials" finished-at="2025-04-11T16:17:06 IST" duration-ms="2138" status="PASS">
          <reporter-output>
          </reporter-output>
        </test-method> <!-- verifyLoginWithValidCredentials -->
        <test-method is-config="true" signature="tearDown()[pri:0, instance:TutorialsNinja_Test_Cases.Login@5c5eefef]" started-at="2025-04-11T16:17:06 IST" name="tearDown" finished-at="2025-04-11T16:17:06 IST" duration-ms="379" status="PASS">
          <reporter-output>
          </reporter-output>
        </test-method> <!-- tearDown -->
        <test-method is-config="true" signature="setup()[pri:0, instance:TutorialsNinja_Test_Cases.Login@5c5eefef]" started-at="2025-04-11T16:17:06 IST" name="setup" finished-at="2025-04-11T16:17:12 IST" duration-ms="5690" status="PASS">
          <reporter-output>
          </reporter-output>
        </test-method> <!-- setup -->
        <test-method signature="verifyLoginWithInvalidCredentials()[pri:2, instance:TutorialsNinja_Test_Cases.Login@5c5eefef]" started-at="2025-04-11T16:17:12 IST" name="verifyLoginWithInvalidCredentials" finished-at="2025-04-11T16:17:14 IST" duration-ms="1926" status="PASS">
          <reporter-output>
          </reporter-output>
        </test-method> <!-- verifyLoginWithInvalidCredentials -->
        <test-method is-config="true" signature="tearDown()[pri:0, instance:TutorialsNinja_Test_Cases.Login@5c5eefef]" started-at="2025-04-11T16:17:14 IST" name="tearDown" finished-at="2025-04-11T16:17:14 IST" duration-ms="381" status="PASS">
          <reporter-output>
          </reporter-output>
        </test-method> <!-- tearDown -->
        <test-method is-config="true" signature="setup()[pri:0, instance:TutorialsNinja_Test_Cases.Login@5c5eefef]" started-at="2025-04-11T16:17:14 IST" name="setup" finished-at="2025-04-11T16:17:19 IST" duration-ms="4892" status="PASS">
          <reporter-output>
          </reporter-output>
        </test-method> <!-- setup -->
        <test-method signature="verifyLoginWithInvalidEmailAndValidPassword()[pri:3, instance:TutorialsNinja_Test_Cases.Login@5c5eefef]" started-at="2025-04-11T16:17:19 IST" name="verifyLoginWithInvalidEmailAndValidPassword" finished-at="2025-04-11T16:17:21 IST" duration-ms="1934" status="PASS">
          <reporter-output>
          </reporter-output>
        </test-method> <!-- verifyLoginWithInvalidEmailAndValidPassword -->
        <test-method is-config="true" signature="tearDown()[pri:0, instance:TutorialsNinja_Test_Cases.Login@5c5eefef]" started-at="2025-04-11T16:17:21 IST" name="tearDown" finished-at="2025-04-11T16:17:21 IST" duration-ms="328" status="PASS">
          <reporter-output>
          </reporter-output>
        </test-method> <!-- tearDown -->
        <test-method is-config="true" signature="setup()[pri:0, instance:TutorialsNinja_Test_Cases.Login@5c5eefef]" started-at="2025-04-11T16:17:21 IST" name="setup" finished-at="2025-04-11T16:17:27 IST" duration-ms="5160" status="PASS">
          <reporter-output>
          </reporter-output>
        </test-method> <!-- setup -->
        <test-method signature="verifyLoginWithValidEmailAndInvalidPassword()[pri:4, instance:TutorialsNinja_Test_Cases.Login@5c5eefef]" started-at="2025-04-11T16:17:27 IST" name="verifyLoginWithValidEmailAndInvalidPassword" finished-at="2025-04-11T16:17:28 IST" duration-ms="1647" status="FAIL">
          <exception class="java.lang.AssertionError">
            <message>
              <![CDATA[expected [true] but found [false]]]>
            </message>
            <full-stacktrace>
              <![CDATA[java.lang.AssertionError: expected [true] but found [false]
at org.testng.Assert.fail(Assert.java:99)
at org.testng.Assert.failNotEquals(Assert.java:1037)
at org.testng.Assert.assertTrue(Assert.java:45)
at org.testng.Assert.assertTrue(Assert.java:55)
at TutorialsNinja_Test_Cases.Login.verifyLoginWithValidEmailAndInvalidPassword(Login.java:133)
at java.base/jdk.internal.reflect.NativeMethodAccessorImpl.invoke0(Native Method)
at java.base/jdk.internal.reflect.NativeMethodAccessorImpl.invoke(NativeMethodAccessorImpl.java:77)
at java.base/jdk.internal.reflect.DelegatingMethodAccessorImpl.invoke(DelegatingMethodAccessorImpl.java:43)
at java.base/java.lang.reflect.Method.invoke(Method.java:568)
at org.testng.internal.MethodInvocationHelper.invokeMethod(MethodInvocationHelper.java:133)
at org.testng.internal.TestInvoker.invokeMethod(TestInvoker.java:598)
at org.testng.internal.TestInvoker.invokeTestMethod(TestInvoker.java:173)
at org.testng.internal.MethodRunner.runInSequence(MethodRunner.java:46)
at org.testng.internal.TestInvoker$MethodInvocationAgent.invoke(TestInvoker.java:824)
at org.testng.internal.TestInvoker.invokeTestMethods(TestInvoker.java:146)
at org.testng.internal.TestMethodWorker.invokeTestMethods(TestMethodWorker.java:146)
at org.testng.internal.TestMethodWorker.run(TestMethodWorker.java:128)
at java.base/java.util.ArrayList.forEach(ArrayList.java:1511)
at org.testng.TestRunner.privateRun(TestRunner.java:794)
at org.testng.TestRunner.run(TestRunner.java:596)
at org.testng.SuiteRunner.runTest(SuiteRunner.java:377)
at org.testng.SuiteRunner.runSequentially(SuiteRunner.java:371)
at org.testng.SuiteRunner.privateRun(SuiteRunner.java:332)
at org.testng.SuiteRunner.run(SuiteRunner.java:276)
at org.testng.SuiteRunnerWorker.runSuite(SuiteRunnerWorker.java:53)
at org.testng.SuiteRunnerWorker.run(SuiteRunnerWorker.java:96)
at org.testng.TestNG.runSuitesSequentially(TestNG.java:1212)
at org.testng.TestNG.runSuitesLocally(TestNG.java:1134)
at org.testng.TestNG.runSuites(TestNG.java:1063)
at org.testng.TestNG.run(TestNG.java:1031)
at org.testng.remote.AbstractRemoteTestNG.run(AbstractRemoteTestNG.java:115)
at org.testng.remote.RemoteTestNG.initAndRun(RemoteTestNG.java:293)
at org.testng.remote.RemoteTestNG.main(RemoteTestNG.java:91)
]]>
            </full-stacktrace>
          </exception> <!-- java.lang.AssertionError -->
          <reporter-output>
          </reporter-output>
        </test-method> <!-- verifyLoginWithValidEmailAndInvalidPassword -->
        <test-method is-config="true" signature="tearDown()[pri:0, instance:TutorialsNinja_Test_Cases.Login@5c5eefef]" started-at="2025-04-11T16:17:28 IST" name="tearDown" finished-at="2025-04-11T16:17:29 IST" duration-ms="656" status="PASS">
          <reporter-output>
          </reporter-output>
        </test-method> <!-- tearDown -->
        <test-method is-config="true" signature="setup()[pri:0, instance:TutorialsNinja_Test_Cases.Login@5c5eefef]" started-at="2025-04-11T16:17:29 IST" name="setup" finished-at="2025-04-11T16:17:34 IST" duration-ms="5233" status="PASS">
          <reporter-output>
          </reporter-output>
        </test-method> <!-- setup -->
        <test-method signature="verifyLoginWithBlankCredentials()[pri:5, instance:TutorialsNinja_Test_Cases.Login@5c5eefef]" started-at="2025-04-11T16:17:34 IST" name="verifyLoginWithBlankCredentials" finished-at="2025-04-11T16:17:36 IST" duration-ms="1720" status="PASS">
          <reporter-output>
          </reporter-output>
        </test-method> <!-- verifyLoginWithBlankCredentials -->
        <test-method is-config="true" signature="tearDown()[pri:0, instance:TutorialsNinja_Test_Cases.Login@5c5eefef]" started-at="2025-04-11T16:17:36 IST" name="tearDown" finished-at="2025-04-11T16:17:36 IST" duration-ms="479" status="PASS">
          <reporter-output>
          </reporter-output>
        </test-method> <!-- tearDown -->
      </class> <!-- TutorialsNinja_Test_Cases.Login -->
      <class name="TutorialsNinja_Test_Cases.Register">
        <test-method is-config="true" signature="setup()[pri:0, instance:TutorialsNinja_Test_Cases.Register@1d9b7cce]" started-at="2025-04-11T16:16:24 IST" name="setup" finished-at="2025-04-11T16:16:30 IST" duration-ms="5995" status="PASS">
          <reporter-output>
          </reporter-output>
        </test-method> <!-- setup -->
        <test-method signature="verifyRegisteringAnAccountWithMandatoryField()[pri:1, instance:TutorialsNinja_Test_Cases.Register@1d9b7cce]" started-at="2025-04-11T16:16:30 IST" name="verifyRegisteringAnAccountWithMandatoryField" finished-at="2025-04-11T16:16:33 IST" duration-ms="3100" status="PASS">
          <reporter-output>
          </reporter-output>
        </test-method> <!-- verifyRegisteringAnAccountWithMandatoryField -->
        <test-method is-config="true" signature="tearDown()[pri:0, instance:TutorialsNinja_Test_Cases.Register@1d9b7cce]" started-at="2025-04-11T16:16:33 IST" name="tearDown" finished-at="2025-04-11T16:16:34 IST" duration-ms="416" status="PASS">
          <reporter-output>
          </reporter-output>
        </test-method> <!-- tearDown -->
        <test-method is-config="true" signature="setup()[pri:0, instance:TutorialsNinja_Test_Cases.Register@1d9b7cce]" started-at="2025-04-11T16:16:34 IST" name="setup" finished-at="2025-04-11T16:16:39 IST" duration-ms="5495" status="PASS">
          <reporter-output>
          </reporter-output>
        </test-method> <!-- setup -->
        <test-method signature="verifyRegisteringAccountByProvidingAllFields()[pri:2, instance:TutorialsNinja_Test_Cases.Register@1d9b7cce]" started-at="2025-04-11T16:16:39 IST" name="verifyRegisteringAccountByProvidingAllFields" finished-at="2025-04-11T16:16:42 IST" duration-ms="3195" status="PASS">
          <reporter-output>
          </reporter-output>
        </test-method> <!-- verifyRegisteringAccountByProvidingAllFields -->
        <test-method is-config="true" signature="tearDown()[pri:0, instance:TutorialsNinja_Test_Cases.Register@1d9b7cce]" started-at="2025-04-11T16:16:42 IST" name="tearDown" finished-at="2025-04-11T16:16:43 IST" duration-ms="297" status="PASS">
          <reporter-output>
          </reporter-output>
        </test-method> <!-- tearDown -->
        <test-method is-config="true" signature="setup()[pri:0, instance:TutorialsNinja_Test_Cases.Register@1d9b7cce]" started-at="2025-04-11T16:16:43 IST" name="setup" finished-at="2025-04-11T16:16:48 IST" duration-ms="4957" status="PASS">
          <reporter-output>
          </reporter-output>
        </test-method> <!-- setup -->
        <test-method signature="verifyRegisteringAccountwithExistingEmail()[pri:3, instance:TutorialsNinja_Test_Cases.Register@1d9b7cce]" started-at="2025-04-11T16:16:48 IST" name="verifyRegisteringAccountwithExistingEmail" finished-at="2025-04-11T16:16:51 IST" duration-ms="2867" status="PASS">
          <reporter-output>
          </reporter-output>
        </test-method> <!-- verifyRegisteringAccountwithExistingEmail -->
        <test-method is-config="true" signature="tearDown()[pri:0, instance:TutorialsNinja_Test_Cases.Register@1d9b7cce]" started-at="2025-04-11T16:16:51 IST" name="tearDown" finished-at="2025-04-11T16:16:51 IST" duration-ms="282" status="PASS">
          <reporter-output>
          </reporter-output>
        </test-method> <!-- tearDown -->
        <test-method is-config="true" signature="setup()[pri:0, instance:TutorialsNinja_Test_Cases.Register@1d9b7cce]" started-at="2025-04-11T16:16:51 IST" name="setup" finished-at="2025-04-11T16:16:56 IST" duration-ms="4822" status="PASS">
          <reporter-output>
          </reporter-output>
        </test-method> <!-- setup -->
        <test-method signature="verifyRegisteringAccountWithoutFillingAnyDetails()[pri:4, instance:TutorialsNinja_Test_Cases.Register@1d9b7cce]" started-at="2025-04-11T16:16:56 IST" name="verifyRegisteringAccountWithoutFillingAnyDetails" finished-at="2025-04-11T16:16:58 IST" duration-ms="2643" status="PASS">
          <reporter-output>
          </reporter-output>
        </test-method> <!-- verifyRegisteringAccountWithoutFillingAnyDetails -->
        <test-method is-config="true" signature="tearDown()[pri:0, instance:TutorialsNinja_Test_Cases.Register@1d9b7cce]" started-at="2025-04-11T16:16:58 IST" name="tearDown" finished-at="2025-04-11T16:16:59 IST" duration-ms="512" status="PASS">
          <reporter-output>
          </reporter-output>
        </test-method> <!-- tearDown -->
      </class> <!-- TutorialsNinja_Test_Cases.Register -->
      <class name="TutorialsNinja_Test_Cases.Search">
        <test-method is-config="true" signature="setup()[pri:0, instance:TutorialsNinja_Test_Cases.Search@16293aa2]" started-at="2025-04-11T16:17:36 IST" name="setup" finished-at="2025-04-11T16:17:42 IST" duration-ms="5471" status="PASS">
          <reporter-output>
          </reporter-output>
        </test-method> <!-- setup -->
        <test-method signature="verifySearchWithValidProduct()[pri:1, instance:TutorialsNinja_Test_Cases.Search@16293aa2]" started-at="2025-04-11T16:17:42 IST" name="verifySearchWithValidProduct" finished-at="2025-04-11T16:17:43 IST" duration-ms="813" status="PASS">
          <reporter-output>
          </reporter-output>
        </test-method> <!-- verifySearchWithValidProduct -->
        <test-method is-config="true" signature="tearDown()[pri:0, instance:TutorialsNinja_Test_Cases.Search@16293aa2]" started-at="2025-04-11T16:17:43 IST" name="tearDown" finished-at="2025-04-11T16:17:44 IST" duration-ms="899" status="PASS">
          <reporter-output>
          </reporter-output>
        </test-method> <!-- tearDown -->
        <test-method is-config="true" signature="setup()[pri:0, instance:TutorialsNinja_Test_Cases.Search@16293aa2]" started-at="2025-04-11T16:17:44 IST" name="setup" finished-at="2025-04-11T16:17:49 IST" duration-ms="5860" status="PASS">
          <reporter-output>
          </reporter-output>
        </test-method> <!-- setup -->
        <test-method signature="verifySearchWithInvalidProduct()[pri:2, instance:TutorialsNinja_Test_Cases.Search@16293aa2]" started-at="2025-04-11T16:17:49 IST" name="verifySearchWithInvalidProduct" finished-at="2025-04-11T16:17:50 IST" duration-ms="450" status="PASS">
          <reporter-output>
          </reporter-output>
        </test-method> <!-- verifySearchWithInvalidProduct -->
        <test-method is-config="true" signature="tearDown()[pri:0, instance:TutorialsNinja_Test_Cases.Search@16293aa2]" started-at="2025-04-11T16:17:50 IST" name="tearDown" finished-at="2025-04-11T16:17:50 IST" duration-ms="589" status="PASS">
          <reporter-output>
          </reporter-output>
        </test-method> <!-- tearDown -->
        <test-method is-config="true" signature="setup()[pri:0, instance:TutorialsNinja_Test_Cases.Search@16293aa2]" started-at="2025-04-11T16:17:50 IST" name="setup" finished-at="2025-04-11T16:17:56 IST" duration-ms="5303" status="PASS">
          <reporter-output>
          </reporter-output>
        </test-method> <!-- setup -->
        <test-method signature="verifySearchWithWithoutAnyProduct()[pri:3, instance:TutorialsNinja_Test_Cases.Search@16293aa2]" started-at="2025-04-11T16:17:56 IST" name="verifySearchWithWithoutAnyProduct" finished-at="2025-04-11T16:17:56 IST" duration-ms="390" status="PASS">
          <reporter-output>
          </reporter-output>
        </test-method> <!-- verifySearchWithWithoutAnyProduct -->
        <test-method is-config="true" signature="tearDown()[pri:0, instance:TutorialsNinja_Test_Cases.Search@16293aa2]" started-at="2025-04-11T16:17:56 IST" name="tearDown" finished-at="2025-04-11T16:17:57 IST" duration-ms="527" status="PASS">
          <reporter-output>
          </reporter-output>
        </test-method> <!-- tearDown -->
      </class> <!-- TutorialsNinja_Test_Cases.Search -->
    </test> <!-- Test -->
  </suite> <!-- Suite -->
</testng-results>
