<?xml version="1.0" encoding="UTF-8"?>
<!-- Generated by org.testng.reporters.JUnitXMLReporter -->
<testsuite ignored="0" hostname="DESKTOP-297RODD" failures="1" tests="12" name="Test" time="92.544" errors="0" timestamp="2025-04-11T16:17:57 IST">
  <testcase classname="TutorialsNinja_Test_Cases.Register" name="verifyRegisteringAnAccountWithMandatoryField" time="3.1"/>
  <testcase classname="TutorialsNinja_Test_Cases.Register" name="verifyRegisteringAccountByProvidingAllFields" time="3.195"/>
  <testcase classname="TutorialsNinja_Test_Cases.Register" name="verifyRegisteringAccountwithExistingEmail" time="2.867"/>
  <testcase classname="TutorialsNinja_Test_Cases.Register" name="verifyRegisteringAccountWithoutFillingAnyDetails" time="2.643"/>
  <testcase classname="TutorialsNinja_Test_Cases.Login" name="verifyLoginWithValidCredentials" time="2.138"/>
  <testcase classname="TutorialsNinja_Test_Cases.Login" name="verifyLoginWithInvalidCredentials" time="1.926"/>
  <testcase classname="TutorialsNinja_Test_Cases.Login" name="verifyLoginWithInvalidEmailAndValidPassword" time="1.934"/>
  <testcase classname="TutorialsNinja_Test_Cases.Login" name="verifyLoginWithValidEmailAndInvalidPassword" time="1.647">
    <failure type="java.lang.AssertionError" message="expected [true] but found [false]">
      <![CDATA[java.lang.AssertionError: expected [true] but found [false]
at TutorialsNinja_Test_Cases.Login.verifyLoginWithValidEmailAndInvalidPassword(Login.java:133)
at java.base/java.util.ArrayList.forEach(ArrayList.java:1511)
... Removed 31 stack frames]]>
    </failure>
  </testcase> <!-- verifyLoginWithValidEmailAndInvalidPassword -->
  <testcase classname="TutorialsNinja_Test_Cases.Login" name="verifyLoginWithBlankCredentials" time="1.72"/>
  <testcase classname="TutorialsNinja_Test_Cases.Search" name="verifySearchWithValidProduct" time="0.813"/>
  <testcase classname="TutorialsNinja_Test_Cases.Search" name="verifySearchWithInvalidProduct" time="0.45"/>
  <testcase classname="TutorialsNinja_Test_Cases.Search" name="verifySearchWithWithoutAnyProduct" time="0.39"/>
</testsuite> <!-- Test -->
